<?xml version="1.0" encoding="UTF-8"?>
<!-- Generated by org.testng.reporters.JUnitReportReporter -->
<testsuite hostname="LAPTOP-43CF2JEN" failures="0" tests="1" name="com.qa.testScripts.TestCase1" time="117.021" errors="0" timestamp="26 Jul 2021 13:18:24 GMT" skipped="0">
  <testcase classname="com.qa.testScripts.TestCase1" name="setup" time="117.021"/>
</testsuite> <!-- com.qa.testScripts.TestCase1 -->
